{"/Users/victorsoares/Documents/github/pessoal/react-native-testing/assetsTransformer.js": {"path":"/Users/victorsoares/Documents/github/pessoal/react-native-testing/assetsTransformer.js","statementMap":{"0":{"start":{"line":1,"column":13},"end":{"line":1,"column":28}},"1":{"start":{"line":3,"column":0},"end":{"line":7,"column":2}},"2":{"start":{"line":5,"column":4},"end":{"line":5,"column":79}}},"fnMap":{"0":{"name":"(anonymous_0)","decl":{"start":{"line":4,"column":2},"end":{"line":4,"column":3}},"loc":{"start":{"line":4,"column":42},"end":{"line":6,"column":3}},"line":4}},"branchMap":{},"s":{"0":4,"1":4,"2":0},"f":{"0":0},"b":{},"_coverageSchema":"1a1c01bbd47fc00a2c39e90264f33305004495a9","hash":"4e50ec61ae2d69c912ac4dd98cbde57f4242d422"}
,"/Users/victorsoares/Documents/github/pessoal/react-native-testing/src/assets/fonts/index.ts": {"path":"/Users/victorsoares/Documents/github/pessoal/react-native-testing/src/assets/fonts/index.ts","statementMap":{},"fnMap":{},"branchMap":{},"s":{},"f":{},"b":{},"_coverageSchema":"1a1c01bbd47fc00a2c39e90264f33305004495a9","hash":"06ca6a4a5556426ee64675d43286211ab57cb123"}
,"/Users/victorsoares/Documents/github/pessoal/react-native-testing/src/assets/fonts/Montserrat/index.ts": {"path":"/Users/victorsoares/Documents/github/pessoal/react-native-testing/src/assets/fonts/Montserrat/index.ts","statementMap":{"0":{"start":{"line":1,"column":26},"end":{"line":20,"column":1}}},"fnMap":{},"branchMap":{},"s":{"0":4},"f":{},"b":{},"_coverageSchema":"1a1c01bbd47fc00a2c39e90264f33305004495a9","hash":"ace907da59341632240e8f3b0e08d5466c2ae074"}
,"/Users/victorsoares/Documents/github/pessoal/react-native-testing/src/components/index.ts": {"path":"/Users/victorsoares/Documents/github/pessoal/react-native-testing/src/components/index.ts","statementMap":{},"fnMap":{},"branchMap":{},"s":{},"f":{},"b":{},"_coverageSchema":"1a1c01bbd47fc00a2c39e90264f33305004495a9","hash":"4ae4153a6bd6a9b0945ecafbfa02ddaaa0de858b"}
,"/Users/victorsoares/Documents/github/pessoal/react-native-testing/src/components/Counter/index.tsx": {"path":"/Users/victorsoares/Documents/github/pessoal/react-native-testing/src/components/Counter/index.tsx","statementMap":{"0":{"start":{"line":12,"column":33},"end":{"line":40,"column":1}},"1":{"start":{"line":13,"column":17},"end":{"line":13,"column":62}},"2":{"start":{"line":13,"column":41},"end":{"line":13,"column":61}},"3":{"start":{"line":14,"column":16},"end":{"line":14,"column":60}},"4":{"start":{"line":14,"column":40},"end":{"line":14,"column":59}},"5":{"start":{"line":15,"column":19},"end":{"line":15,"column":35}},"6":{"start":{"line":17,"column":2},"end":{"line":39,"column":4}},"7":{"start":{"line":20,"column":31},"end":{"line":20,"column":52}},"8":{"start":{"line":26,"column":31},"end":{"line":26,"column":52}},"9":{"start":{"line":33,"column":23},"end":{"line":33,"column":50}}},"fnMap":{"0":{"name":"(anonymous_0)","decl":{"start":{"line":12,"column":33},"end":{"line":12,"column":34}},"loc":{"start":{"line":12,"column":39},"end":{"line":40,"column":1}},"line":12},"1":{"name":"(anonymous_1)","decl":{"start":{"line":13,"column":32},"end":{"line":13,"column":33}},"loc":{"start":{"line":13,"column":41},"end":{"line":13,"column":61}},"line":13},"2":{"name":"(anonymous_2)","decl":{"start":{"line":14,"column":31},"end":{"line":14,"column":32}},"loc":{"start":{"line":14,"column":40},"end":{"line":14,"column":59}},"line":14},"3":{"name":"(anonymous_3)","decl":{"start":{"line":20,"column":25},"end":{"line":20,"column":26}},"loc":{"start":{"line":20,"column":31},"end":{"line":20,"column":52}},"line":20},"4":{"name":"(anonymous_4)","decl":{"start":{"line":26,"column":25},"end":{"line":26,"column":26}},"loc":{"start":{"line":26,"column":31},"end":{"line":26,"column":52}},"line":26},"5":{"name":"(anonymous_5)","decl":{"start":{"line":33,"column":17},"end":{"line":33,"column":18}},"loc":{"start":{"line":33,"column":23},"end":{"line":33,"column":50}},"line":33}},"branchMap":{"0":{"loc":{"start":{"line":36,"column":15},"end":{"line":36,"column":67}},"type":"cond-expr","locations":[{"start":{"line":36,"column":38},"end":{"line":36,"column":47}},{"start":{"line":36,"column":50},"end":{"line":36,"column":67}}],"line":36}},"s":{"0":2,"1":10,"2":15,"3":10,"4":14,"5":10,"6":10,"7":1,"8":1,"9":1},"f":{"0":10,"1":15,"2":14,"3":1,"4":1,"5":1},"b":{"0":[2,8]},"_coverageSchema":"1a1c01bbd47fc00a2c39e90264f33305004495a9","hash":"9f2c8b331157d69b9136c8c62eff8a0f76dafe0e"}
,"/Users/victorsoares/Documents/github/pessoal/react-native-testing/src/components/Counter/styles.ts": {"path":"/Users/victorsoares/Documents/github/pessoal/react-native-testing/src/components/Counter/styles.ts","statementMap":{"0":{"start":{"line":5,"column":25},"end":{"line":5,"column":38}},"1":{"start":{"line":7,"column":19},"end":{"line":12,"column":1}},"2":{"start":{"line":14,"column":22},"end":{"line":21,"column":1}},"3":{"start":{"line":15,"column":28},"end":{"line":15,"column":52}},"4":{"start":{"line":16,"column":31},"end":{"line":16,"column":50}},"5":{"start":{"line":23,"column":20},"end":{"line":28,"column":1}},"6":{"start":{"line":24,"column":20},"end":{"line":24,"column":44}},"7":{"start":{"line":30,"column":21},"end":{"line":34,"column":1}},"8":{"start":{"line":33,"column":20},"end":{"line":33,"column":44}}},"fnMap":{"0":{"name":"(anonymous_0)","decl":{"start":{"line":15,"column":19},"end":{"line":15,"column":20}},"loc":{"start":{"line":15,"column":28},"end":{"line":15,"column":52}},"line":15},"1":{"name":"(anonymous_1)","decl":{"start":{"line":16,"column":22},"end":{"line":16,"column":23}},"loc":{"start":{"line":16,"column":31},"end":{"line":16,"column":50}},"line":16},"2":{"name":"(anonymous_2)","decl":{"start":{"line":24,"column":11},"end":{"line":24,"column":12}},"loc":{"start":{"line":24,"column":20},"end":{"line":24,"column":44}},"line":24},"3":{"name":"(anonymous_3)","decl":{"start":{"line":33,"column":11},"end":{"line":33,"column":12}},"loc":{"start":{"line":33,"column":20},"end":{"line":33,"column":44}},"line":33}},"branchMap":{},"s":{"0":2,"1":2,"2":2,"3":30,"4":30,"5":2,"6":30,"7":2,"8":10},"f":{"0":30,"1":30,"2":30,"3":10},"b":{},"_coverageSchema":"1a1c01bbd47fc00a2c39e90264f33305004495a9","hash":"84515b8d50836a0d9cfbfafe82a736d9d8f70cfe"}
,"/Users/victorsoares/Documents/github/pessoal/react-native-testing/src/components/GithubMessage/index.tsx": {"path":"/Users/victorsoares/Documents/github/pessoal/react-native-testing/src/components/GithubMessage/index.tsx","statementMap":{"0":{"start":{"line":8,"column":39},"end":{"line":21,"column":1}},"1":{"start":{"line":9,"column":17},"end":{"line":9,"column":62}},"2":{"start":{"line":9,"column":41},"end":{"line":9,"column":61}},"3":{"start":{"line":10,"column":18},"end":{"line":10,"column":64}},"4":{"start":{"line":10,"column":42},"end":{"line":10,"column":63}},"5":{"start":{"line":11,"column":19},"end":{"line":11,"column":35}},"6":{"start":{"line":13,"column":2},"end":{"line":15,"column":17}},"7":{"start":{"line":14,"column":4},"end":{"line":14,"column":30}},"8":{"start":{"line":16,"column":2},"end":{"line":20,"column":4}}},"fnMap":{"0":{"name":"(anonymous_0)","decl":{"start":{"line":8,"column":39},"end":{"line":8,"column":40}},"loc":{"start":{"line":8,"column":45},"end":{"line":21,"column":1}},"line":8},"1":{"name":"(anonymous_1)","decl":{"start":{"line":9,"column":32},"end":{"line":9,"column":33}},"loc":{"start":{"line":9,"column":41},"end":{"line":9,"column":61}},"line":9},"2":{"name":"(anonymous_2)","decl":{"start":{"line":10,"column":33},"end":{"line":10,"column":34}},"loc":{"start":{"line":10,"column":42},"end":{"line":10,"column":63}},"line":10},"3":{"name":"(anonymous_3)","decl":{"start":{"line":13,"column":12},"end":{"line":13,"column":13}},"loc":{"start":{"line":13,"column":18},"end":{"line":15,"column":3}},"line":13}},"branchMap":{"0":{"loc":{"start":{"line":18,"column":13},"end":{"line":18,"column":55}},"type":"cond-expr","locations":[{"start":{"line":18,"column":36},"end":{"line":18,"column":45}},{"start":{"line":18,"column":48},"end":{"line":18,"column":55}}],"line":18}},"s":{"0":2,"1":5,"2":8,"3":5,"4":7,"5":5,"6":5,"7":2,"8":5},"f":{"0":5,"1":8,"2":7,"3":2},"b":{"0":[2,3]},"_coverageSchema":"1a1c01bbd47fc00a2c39e90264f33305004495a9","hash":"44d7edad16038db9d2ca573f919fdbd99e4e16bb"}
,"/Users/victorsoares/Documents/github/pessoal/react-native-testing/src/components/GithubMessage/styles.ts": {"path":"/Users/victorsoares/Documents/github/pessoal/react-native-testing/src/components/GithubMessage/styles.ts","statementMap":{"0":{"start":{"line":5,"column":25},"end":{"line":5,"column":38}},"1":{"start":{"line":7,"column":20},"end":{"line":10,"column":1}},"2":{"start":{"line":9,"column":20},"end":{"line":9,"column":44}}},"fnMap":{"0":{"name":"(anonymous_0)","decl":{"start":{"line":9,"column":11},"end":{"line":9,"column":12}},"loc":{"start":{"line":9,"column":20},"end":{"line":9,"column":44}},"line":9}},"branchMap":{},"s":{"0":2,"1":2,"2":5},"f":{"0":5},"b":{},"_coverageSchema":"1a1c01bbd47fc00a2c39e90264f33305004495a9","hash":"949b99275a7130dcf855ca0693d78a33e32414d0"}
,"/Users/victorsoares/Documents/github/pessoal/react-native-testing/src/components/HelloWorld/index.tsx": {"path":"/Users/victorsoares/Documents/github/pessoal/react-native-testing/src/components/HelloWorld/index.tsx","statementMap":{"0":{"start":{"line":5,"column":36},"end":{"line":11,"column":1}},"1":{"start":{"line":6,"column":2},"end":{"line":10,"column":4}}},"fnMap":{"0":{"name":"(anonymous_0)","decl":{"start":{"line":5,"column":36},"end":{"line":5,"column":37}},"loc":{"start":{"line":5,"column":42},"end":{"line":11,"column":1}},"line":5}},"branchMap":{},"s":{"0":2,"1":2},"f":{"0":2},"b":{},"_coverageSchema":"1a1c01bbd47fc00a2c39e90264f33305004495a9","hash":"17756cfb9d8f336192aa8b80e64f31e99cb8c306"}
,"/Users/victorsoares/Documents/github/pessoal/react-native-testing/src/components/HelloWorld/styles.ts": {"path":"/Users/victorsoares/Documents/github/pessoal/react-native-testing/src/components/HelloWorld/styles.ts","statementMap":{"0":{"start":{"line":5,"column":25},"end":{"line":5,"column":38}},"1":{"start":{"line":7,"column":20},"end":{"line":12,"column":1}},"2":{"start":{"line":10,"column":20},"end":{"line":10,"column":46}}},"fnMap":{"0":{"name":"(anonymous_0)","decl":{"start":{"line":10,"column":11},"end":{"line":10,"column":12}},"loc":{"start":{"line":10,"column":20},"end":{"line":10,"column":46}},"line":10}},"branchMap":{},"s":{"0":2,"1":2,"2":2},"f":{"0":2},"b":{},"_coverageSchema":"1a1c01bbd47fc00a2c39e90264f33305004495a9","hash":"1e32cfeb607f8f75b8f3bb7e43131ae679c3a5ce"}
,"/Users/victorsoares/Documents/github/pessoal/react-native-testing/src/mocks/github.mock.ts": {"path":"/Users/victorsoares/Documents/github/pessoal/react-native-testing/src/mocks/github.mock.ts","statementMap":{"0":{"start":{"line":1,"column":37},"end":{"line":1,"column":50}}},"fnMap":{},"branchMap":{},"s":{"0":5},"f":{},"b":{},"_coverageSchema":"1a1c01bbd47fc00a2c39e90264f33305004495a9","hash":"68bbd91a62761db9aca5467b5bd1ef9c0f965cd9"}
,"/Users/victorsoares/Documents/github/pessoal/react-native-testing/src/mocks/handlers.ts": {"path":"/Users/victorsoares/Documents/github/pessoal/react-native-testing/src/mocks/handlers.ts","statementMap":{"0":{"start":{"line":4,"column":24},"end":{"line":8,"column":1}},"1":{"start":{"line":6,"column":4},"end":{"line":6,"column":48}}},"fnMap":{"0":{"name":"(anonymous_0)","decl":{"start":{"line":5,"column":41},"end":{"line":5,"column":42}},"loc":{"start":{"line":5,"column":60},"end":{"line":7,"column":3}},"line":5}},"branchMap":{},"s":{"0":5,"1":3},"f":{"0":3},"b":{},"_coverageSchema":"1a1c01bbd47fc00a2c39e90264f33305004495a9","hash":"c54b5abfe6f1081c85640f00e69cace9fb9086ab"}
,"/Users/victorsoares/Documents/github/pessoal/react-native-testing/src/mocks/server.ts": {"path":"/Users/victorsoares/Documents/github/pessoal/react-native-testing/src/mocks/server.ts","statementMap":{"0":{"start":{"line":4,"column":22},"end":{"line":4,"column":46}}},"fnMap":{},"branchMap":{},"s":{"0":5},"f":{},"b":{},"_coverageSchema":"1a1c01bbd47fc00a2c39e90264f33305004495a9","hash":"96f92a0a56524e42584b3745226720c4f7692bc7"}
,"/Users/victorsoares/Documents/github/pessoal/react-native-testing/src/redux/hooks.ts": {"path":"/Users/victorsoares/Documents/github/pessoal/react-native-testing/src/redux/hooks.ts","statementMap":{"0":{"start":{"line":5,"column":30},"end":{"line":5,"column":62}},"1":{"start":{"line":5,"column":36},"end":{"line":5,"column":62}},"2":{"start":{"line":6,"column":63},"end":{"line":6,"column":74}}},"fnMap":{"0":{"name":"(anonymous_0)","decl":{"start":{"line":5,"column":30},"end":{"line":5,"column":31}},"loc":{"start":{"line":5,"column":36},"end":{"line":5,"column":62}},"line":5}},"branchMap":{},"s":{"0":3,"1":15,"2":3},"f":{"0":15},"b":{},"_coverageSchema":"1a1c01bbd47fc00a2c39e90264f33305004495a9","hash":"1cdc750b93860f3e1efde45c8e6ab9fb1c254304"}
,"/Users/victorsoares/Documents/github/pessoal/react-native-testing/src/redux/store.ts": {"path":"/Users/victorsoares/Documents/github/pessoal/react-native-testing/src/redux/store.ts","statementMap":{"0":{"start":{"line":10,"column":26},"end":{"line":12,"column":2}},"1":{"start":{"line":14,"column":21},"end":{"line":16,"column":2}}},"fnMap":{},"branchMap":{},"s":{"0":5,"1":5},"f":{},"b":{},"_coverageSchema":"1a1c01bbd47fc00a2c39e90264f33305004495a9","hash":"5885c61fc519fac179ea43d93072cef44ba6771d"}
,"/Users/victorsoares/Documents/github/pessoal/react-native-testing/src/redux/Counter/counter.actions.ts": {"path":"/Users/victorsoares/Documents/github/pessoal/react-native-testing/src/redux/Counter/counter.actions.ts","statementMap":{"0":{"start":{"line":4,"column":30},"end":{"line":10,"column":1}},"1":{"start":{"line":7,"column":21},"end":{"line":7,"column":53}},"2":{"start":{"line":8,"column":4},"end":{"line":8,"column":25}},"3":{"start":{"line":12,"column":29},"end":{"line":18,"column":1}},"4":{"start":{"line":15,"column":21},"end":{"line":15,"column":50}},"5":{"start":{"line":16,"column":4},"end":{"line":16,"column":25}}},"fnMap":{"0":{"name":"(anonymous_0)","decl":{"start":{"line":6,"column":2},"end":{"line":6,"column":3}},"loc":{"start":{"line":6,"column":28},"end":{"line":9,"column":3}},"line":6},"1":{"name":"(anonymous_1)","decl":{"start":{"line":14,"column":2},"end":{"line":14,"column":3}},"loc":{"start":{"line":14,"column":14},"end":{"line":17,"column":3}},"line":14}},"branchMap":{},"s":{"0":5,"1":2,"2":2,"3":5,"4":3,"5":2},"f":{"0":2,"1":3},"b":{},"_coverageSchema":"1a1c01bbd47fc00a2c39e90264f33305004495a9","hash":"6b997a5ea2a2be36c6898141b09572da637a5890"}
,"/Users/victorsoares/Documents/github/pessoal/react-native-testing/src/redux/Counter/counter.api.ts": {"path":"/Users/victorsoares/Documents/github/pessoal/react-native-testing/src/redux/Counter/counter.api.ts","statementMap":{"0":{"start":{"line":5,"column":2},"end":{"line":7,"column":4}},"1":{"start":{"line":6,"column":4},"end":{"line":6,"column":52}},"2":{"start":{"line":6,"column":21},"end":{"line":6,"column":46}},"3":{"start":{"line":11,"column":18},"end":{"line":14,"column":3}},"4":{"start":{"line":16,"column":17},"end":{"line":16,"column":19}},"5":{"start":{"line":17,"column":2},"end":{"line":17,"column":46}}},"fnMap":{"0":{"name":"fetchCount","decl":{"start":{"line":4,"column":16},"end":{"line":4,"column":26}},"loc":{"start":{"line":4,"column":39},"end":{"line":8,"column":1}},"line":4},"1":{"name":"(anonymous_1)","decl":{"start":{"line":5,"column":39},"end":{"line":5,"column":40}},"loc":{"start":{"line":6,"column":4},"end":{"line":6,"column":52}},"line":6},"2":{"name":"(anonymous_2)","decl":{"start":{"line":6,"column":15},"end":{"line":6,"column":16}},"loc":{"start":{"line":6,"column":21},"end":{"line":6,"column":46}},"line":6},"3":{"name":"githubMessage","decl":{"start":{"line":10,"column":16},"end":{"line":10,"column":29}},"loc":{"start":{"line":10,"column":32},"end":{"line":18,"column":1}},"line":10}},"branchMap":{"0":{"loc":{"start":{"line":4,"column":27},"end":{"line":4,"column":37}},"type":"default-arg","locations":[{"start":{"line":4,"column":36},"end":{"line":4,"column":37}}],"line":4}},"s":{"0":2,"1":2,"2":2,"3":3,"4":3,"5":3},"f":{"0":2,"1":2,"2":2,"3":3},"b":{"0":[0]},"_coverageSchema":"1a1c01bbd47fc00a2c39e90264f33305004495a9","hash":"6eaccd946a6d76d9d3493b294891bf810d365bdf"}
,"/Users/victorsoares/Documents/github/pessoal/react-native-testing/src/redux/Counter/counter.slice.ts": {"path":"/Users/victorsoares/Documents/github/pessoal/react-native-testing/src/redux/Counter/counter.slice.ts","statementMap":{"0":{"start":{"line":7,"column":42},"end":{"line":11,"column":1}},"1":{"start":{"line":13,"column":28},"end":{"line":39,"column":2}},"2":{"start":{"line":17,"column":17},"end":{"line":17,"column":29}},"3":{"start":{"line":19,"column":6},"end":{"line":19,"column":23}},"4":{"start":{"line":22,"column":6},"end":{"line":22,"column":23}},"5":{"start":{"line":26,"column":4},"end":{"line":37,"column":9}},"6":{"start":{"line":28,"column":8},"end":{"line":28,"column":33}},"7":{"start":{"line":31,"column":8},"end":{"line":31,"column":30}},"8":{"start":{"line":32,"column":8},"end":{"line":32,"column":38}},"9":{"start":{"line":35,"column":8},"end":{"line":35,"column":30}},"10":{"start":{"line":36,"column":8},"end":{"line":36,"column":39}},"11":{"start":{"line":41,"column":47},"end":{"line":41,"column":67}}},"fnMap":{"0":{"name":"(anonymous_0)","decl":{"start":{"line":17,"column":11},"end":{"line":17,"column":12}},"loc":{"start":{"line":17,"column":17},"end":{"line":17,"column":29}},"line":17},"1":{"name":"(anonymous_1)","decl":{"start":{"line":18,"column":15},"end":{"line":18,"column":16}},"loc":{"start":{"line":18,"column":24},"end":{"line":20,"column":5}},"line":18},"2":{"name":"(anonymous_2)","decl":{"start":{"line":21,"column":15},"end":{"line":21,"column":16}},"loc":{"start":{"line":21,"column":24},"end":{"line":23,"column":5}},"line":21},"3":{"name":"(anonymous_3)","decl":{"start":{"line":25,"column":17},"end":{"line":25,"column":18}},"loc":{"start":{"line":25,"column":28},"end":{"line":38,"column":3}},"line":25},"4":{"name":"(anonymous_4)","decl":{"start":{"line":27,"column":60},"end":{"line":27,"column":61}},"loc":{"start":{"line":27,"column":69},"end":{"line":29,"column":7}},"line":27},"5":{"name":"(anonymous_5)","decl":{"start":{"line":30,"column":47},"end":{"line":30,"column":48}},"loc":{"start":{"line":30,"column":66},"end":{"line":33,"column":7}},"line":30},"6":{"name":"(anonymous_6)","decl":{"start":{"line":34,"column":46},"end":{"line":34,"column":47}},"loc":{"start":{"line":34,"column":65},"end":{"line":37,"column":7}},"line":34}},"branchMap":{},"s":{"0":5,"1":5,"2":5,"3":2,"4":2,"5":5,"6":5,"7":2,"8":2,"9":2,"10":2,"11":5},"f":{"0":5,"1":2,"2":2,"3":5,"4":5,"5":2,"6":2},"b":{},"_coverageSchema":"1a1c01bbd47fc00a2c39e90264f33305004495a9","hash":"acedac39b51a1f2b9b2ae499d17ab5b7b7e7498d"}
,"/Users/victorsoares/Documents/github/pessoal/react-native-testing/src/screens/Home/index.tsx": {"path":"/Users/victorsoares/Documents/github/pessoal/react-native-testing/src/screens/Home/index.tsx","statementMap":{"0":{"start":{"line":25,"column":37},"end":{"line":34,"column":1}},"1":{"start":{"line":26,"column":2},"end":{"line":33,"column":4}}},"fnMap":{"0":{"name":"(anonymous_0)","decl":{"start":{"line":25,"column":37},"end":{"line":25,"column":38}},"loc":{"start":{"line":25,"column":43},"end":{"line":34,"column":1}},"line":25}},"branchMap":{},"s":{"0":1,"1":1},"f":{"0":1},"b":{},"_coverageSchema":"1a1c01bbd47fc00a2c39e90264f33305004495a9","hash":"d0c05a6a5d6107ad0b104d806e1d6bd27383a2df"}
,"/Users/victorsoares/Documents/github/pessoal/react-native-testing/src/screens/Home/styles.ts": {"path":"/Users/victorsoares/Documents/github/pessoal/react-native-testing/src/screens/Home/styles.ts","statementMap":{"0":{"start":{"line":5,"column":25},"end":{"line":11,"column":1}},"1":{"start":{"line":10,"column":31},"end":{"line":10,"column":53}},"2":{"start":{"line":13,"column":20},"end":{"line":16,"column":1}},"3":{"start":{"line":15,"column":20},"end":{"line":15,"column":44}}},"fnMap":{"0":{"name":"(anonymous_0)","decl":{"start":{"line":10,"column":22},"end":{"line":10,"column":23}},"loc":{"start":{"line":10,"column":31},"end":{"line":10,"column":53}},"line":10},"1":{"name":"(anonymous_1)","decl":{"start":{"line":15,"column":11},"end":{"line":15,"column":12}},"loc":{"start":{"line":15,"column":20},"end":{"line":15,"column":44}},"line":15}},"branchMap":{},"s":{"0":1,"1":1,"2":1,"3":1},"f":{"0":1,"1":1},"b":{},"_coverageSchema":"1a1c01bbd47fc00a2c39e90264f33305004495a9","hash":"f00d654b200f1bcb58a1b3c27f9297ff44488566"}
,"/Users/victorsoares/Documents/github/pessoal/react-native-testing/src/services/api.ts": {"path":"/Users/victorsoares/Documents/github/pessoal/react-native-testing/src/services/api.ts","statementMap":{"0":{"start":{"line":3,"column":12},"end":{"line":5,"column":2}}},"fnMap":{},"branchMap":{},"s":{"0":5},"f":{},"b":{},"_coverageSchema":"1a1c01bbd47fc00a2c39e90264f33305004495a9","hash":"4dd55071582949614bc8dc32dde1c2456d25a07c"}
,"/Users/victorsoares/Documents/github/pessoal/react-native-testing/src/styles/themes/light.ts": {"path":"/Users/victorsoares/Documents/github/pessoal/react-native-testing/src/styles/themes/light.ts","statementMap":{"0":{"start":{"line":1,"column":21},"end":{"line":28,"column":1}}},"fnMap":{},"branchMap":{},"s":{"0":4},"f":{},"b":{},"_coverageSchema":"1a1c01bbd47fc00a2c39e90264f33305004495a9","hash":"acc7a9f9ecddbe72fb264cbf0face608a0f9902f"}
,"/Users/victorsoares/Documents/github/pessoal/react-native-testing/src/utils/test.utils.tsx": {"path":"/Users/victorsoares/Documents/github/pessoal/react-native-testing/src/utils/test.utils.tsx","statementMap":{"0":{"start":{"line":14,"column":27},"end":{"line":14,"column":34}},"1":{"start":{"line":16,"column":16},"end":{"line":19,"column":4}},"2":{"start":{"line":22,"column":28},"end":{"line":26,"column":3}},"3":{"start":{"line":23,"column":4},"end":{"line":25,"column":20}},"4":{"start":{"line":27,"column":2},"end":{"line":27,"column":57}},"5":{"start":{"line":34,"column":14},"end":{"line":34,"column":36}},"6":{"start":{"line":36,"column":36},"end":{"line":49,"column":3}},"7":{"start":{"line":40,"column":2},"end":{"line":49,"column":3}},"8":{"start":{"line":45,"column":10},"end":{"line":45,"column":75}},"9":{"start":{"line":52,"column":27},"end":{"line":52,"column":34}},"10":{"start":{"line":54,"column":16},"end":{"line":57,"column":4}},"11":{"start":{"line":59,"column":2},"end":{"line":59,"column":56}}},"fnMap":{"0":{"name":"render","decl":{"start":{"line":13,"column":9},"end":{"line":13,"column":15}},"loc":{"start":{"line":13,"column":64},"end":{"line":28,"column":1}},"line":13},"1":{"name":"(anonymous_1)","decl":{"start":{"line":22,"column":28},"end":{"line":22,"column":29}},"loc":{"start":{"line":23,"column":4},"end":{"line":25,"column":20}},"line":23},"2":{"name":"(anonymous_2)","decl":{"start":{"line":36,"column":36},"end":{"line":36,"column":37}},"loc":{"start":{"line":40,"column":2},"end":{"line":49,"column":3}},"line":40},"3":{"name":"(anonymous_3)","decl":{"start":{"line":43,"column":34},"end":{"line":43,"column":35}},"loc":{"start":{"line":45,"column":10},"end":{"line":45,"column":75}},"line":45},"4":{"name":"RenderWithRedux","decl":{"start":{"line":51,"column":16},"end":{"line":51,"column":31}},"loc":{"start":{"line":51,"column":73},"end":{"line":60,"column":1}},"line":51}},"branchMap":{"0":{"loc":{"start":{"line":13,"column":25},"end":{"line":13,"column":62}},"type":"default-arg","locations":[{"start":{"line":13,"column":42},"end":{"line":13,"column":62}}],"line":13},"1":{"loc":{"start":{"line":36,"column":37},"end":{"line":39,"column":6}},"type":"default-arg","locations":[{"start":{"line":39,"column":4},"end":{"line":39,"column":6}}],"line":36},"2":{"loc":{"start":{"line":37,"column":2},"end":{"line":37,"column":14}},"type":"default-arg","locations":[{"start":{"line":37,"column":12},"end":{"line":37,"column":14}}],"line":37},"3":{"loc":{"start":{"line":38,"column":2},"end":{"line":38,"column":22}},"type":"default-arg","locations":[{"start":{"line":38,"column":20},"end":{"line":38,"column":22}}],"line":38},"4":{"loc":{"start":{"line":51,"column":54},"end":{"line":51,"column":71}},"type":"default-arg","locations":[{"start":{"line":51,"column":69},"end":{"line":51,"column":71}}],"line":51}},"s":{"0":7,"1":7,"2":7,"3":7,"4":7,"5":4,"6":4,"7":0,"8":0,"9":0,"10":0,"11":0},"f":{"0":7,"1":7,"2":0,"3":0,"4":0},"b":{"0":[7],"1":[0],"2":[0],"3":[0],"4":[0]},"_coverageSchema":"1a1c01bbd47fc00a2c39e90264f33305004495a9","hash":"455f1725103f731710d8231e441236351ff97812"}
}
