TN:
SF:assetsTransformer.js
FN:4,(anonymous_0)
FNF:1
FNH:0
FNDA:0,(anonymous_0)
DA:1,4
DA:3,4
DA:5,0
LF:3
LH:2
BRF:0
BRH:0
end_of_record
TN:
SF:src/assets/fonts/index.ts
FNF:0
FNH:0
LF:0
LH:0
BRF:0
BRH:0
end_of_record
TN:
SF:src/assets/fonts/Montserrat/index.ts
FNF:0
FNH:0
DA:1,4
LF:1
LH:1
BRF:0
BRH:0
end_of_record
TN:
SF:src/components/index.ts
FNF:0
FNH:0
LF:0
LH:0
BRF:0
BRH:0
end_of_record
TN:
SF:src/components/Counter/index.tsx
FN:12,(anonymous_0)
FN:13,(anonymous_1)
FN:14,(anonymous_2)
FN:20,(anonymous_3)
FN:26,(anonymous_4)
FN:33,(anonymous_5)
FNF:6
FNH:6
FNDA:10,(anonymous_0)
FNDA:15,(anonymous_1)
FNDA:14,(anonymous_2)
FNDA:1,(anonymous_3)
FNDA:1,(anonymous_4)
FNDA:1,(anonymous_5)
DA:12,2
DA:13,15
DA:14,14
DA:15,10
DA:17,10
DA:20,1
DA:26,1
DA:33,1
LF:8
LH:8
BRDA:36,0,0,2
BRDA:36,0,1,8
BRF:2
BRH:2
end_of_record
TN:
SF:src/components/Counter/styles.ts
FN:15,(anonymous_0)
FN:16,(anonymous_1)
FN:24,(anonymous_2)
FN:33,(anonymous_3)
FNF:4
FNH:4
FNDA:30,(anonymous_0)
FNDA:30,(anonymous_1)
FNDA:30,(anonymous_2)
FNDA:10,(anonymous_3)
DA:5,2
DA:7,2
DA:14,2
DA:15,30
DA:16,30
DA:23,2
DA:24,30
DA:30,2
DA:33,10
LF:9
LH:9
BRF:0
BRH:0
end_of_record
TN:
SF:src/components/GithubMessage/index.tsx
FN:8,(anonymous_0)
FN:9,(anonymous_1)
FN:10,(anonymous_2)
FN:13,(anonymous_3)
FNF:4
FNH:4
FNDA:5,(anonymous_0)
FNDA:8,(anonymous_1)
FNDA:7,(anonymous_2)
FNDA:2,(anonymous_3)
DA:8,2
DA:9,8
DA:10,7
DA:11,5
DA:13,5
DA:14,2
DA:16,5
LF:7
LH:7
BRDA:18,0,0,2
BRDA:18,0,1,3
BRF:2
BRH:2
end_of_record
TN:
SF:src/components/GithubMessage/styles.ts
FN:9,(anonymous_0)
FNF:1
FNH:1
FNDA:5,(anonymous_0)
DA:5,2
DA:7,2
DA:9,5
LF:3
LH:3
BRF:0
BRH:0
end_of_record
TN:
SF:src/components/HelloWorld/index.tsx
FN:5,(anonymous_0)
FNF:1
FNH:1
FNDA:2,(anonymous_0)
DA:5,2
DA:6,2
LF:2
LH:2
BRF:0
BRH:0
end_of_record
TN:
SF:src/components/HelloWorld/styles.ts
FN:10,(anonymous_0)
FNF:1
FNH:1
FNDA:2,(anonymous_0)
DA:5,2
DA:7,2
DA:10,2
LF:3
LH:3
BRF:0
BRH:0
end_of_record
TN:
SF:src/mocks/github.mock.ts
FNF:0
FNH:0
DA:1,5
LF:1
LH:1
BRF:0
BRH:0
end_of_record
TN:
SF:src/mocks/handlers.ts
FN:5,(anonymous_0)
FNF:1
FNH:1
FNDA:3,(anonymous_0)
DA:4,5
DA:6,3
LF:2
LH:2
BRF:0
BRH:0
end_of_record
TN:
SF:src/mocks/server.ts
FNF:0
FNH:0
DA:4,5
LF:1
LH:1
BRF:0
BRH:0
end_of_record
TN:
SF:src/redux/hooks.ts
FN:5,(anonymous_0)
FNF:1
FNH:1
FNDA:15,(anonymous_0)
DA:5,15
DA:6,3
LF:2
LH:2
BRF:0
BRH:0
end_of_record
TN:
SF:src/redux/store.ts
FNF:0
FNH:0
DA:10,5
DA:14,5
LF:2
LH:2
BRF:0
BRH:0
end_of_record
TN:
SF:src/redux/Counter/counter.actions.ts
FN:6,(anonymous_0)
FN:14,(anonymous_1)
FNF:2
FNH:2
FNDA:2,(anonymous_0)
FNDA:3,(anonymous_1)
DA:4,5
DA:7,2
DA:8,2
DA:12,5
DA:15,3
DA:16,2
LF:6
LH:6
BRF:0
BRH:0
end_of_record
TN:
SF:src/redux/Counter/counter.api.ts
FN:4,fetchCount
FN:5,(anonymous_1)
FN:6,(anonymous_2)
FN:10,githubMessage
FNF:4
FNH:4
FNDA:2,fetchCount
FNDA:2,(anonymous_1)
FNDA:2,(anonymous_2)
FNDA:3,githubMessage
DA:5,2
DA:6,2
DA:11,3
DA:16,3
DA:17,3
LF:5
LH:5
BRDA:4,0,0,0
BRF:1
BRH:0
end_of_record
TN:
SF:src/redux/Counter/counter.slice.ts
FN:17,(anonymous_0)
FN:18,(anonymous_1)
FN:21,(anonymous_2)
FN:25,(anonymous_3)
FN:27,(anonymous_4)
FN:30,(anonymous_5)
FN:34,(anonymous_6)
FNF:7
FNH:7
FNDA:5,(anonymous_0)
FNDA:2,(anonymous_1)
FNDA:2,(anonymous_2)
FNDA:5,(anonymous_3)
FNDA:5,(anonymous_4)
FNDA:2,(anonymous_5)
FNDA:2,(anonymous_6)
DA:7,5
DA:13,5
DA:17,5
DA:19,2
DA:22,2
DA:26,5
DA:28,5
DA:31,2
DA:32,2
DA:35,2
DA:36,2
DA:41,5
LF:12
LH:12
BRF:0
BRH:0
end_of_record
TN:
SF:src/screens/Home/index.tsx
FN:25,(anonymous_0)
FNF:1
FNH:1
FNDA:1,(anonymous_0)
DA:25,1
DA:26,1
LF:2
LH:2
BRF:0
BRH:0
end_of_record
TN:
SF:src/screens/Home/styles.ts
FN:10,(anonymous_0)
FN:15,(anonymous_1)
FNF:2
FNH:2
FNDA:1,(anonymous_0)
FNDA:1,(anonymous_1)
DA:5,1
DA:10,1
DA:13,1
DA:15,1
LF:4
LH:4
BRF:0
BRH:0
end_of_record
TN:
SF:src/services/api.ts
FNF:0
FNH:0
DA:3,5
LF:1
LH:1
BRF:0
BRH:0
end_of_record
TN:
SF:src/styles/themes/light.ts
FNF:0
FNH:0
DA:1,4
LF:1
LH:1
BRF:0
BRH:0
end_of_record
TN:
SF:src/utils/test.utils.tsx
FN:13,render
FN:22,(anonymous_1)
FN:36,(anonymous_2)
FN:43,(anonymous_3)
FN:51,RenderWithRedux
FNF:5
FNH:2
FNDA:7,render
FNDA:7,(anonymous_1)
FNDA:0,(anonymous_2)
FNDA:0,(anonymous_3)
FNDA:0,RenderWithRedux
DA:14,7
DA:16,7
DA:22,7
DA:23,7
DA:27,7
DA:34,4
DA:36,4
DA:40,0
DA:45,0
DA:52,0
DA:54,0
DA:59,0
LF:12
LH:7
BRDA:13,0,0,7
BRDA:36,1,0,0
BRDA:37,2,0,0
BRDA:38,3,0,0
BRDA:51,4,0,0
BRF:5
BRH:1
end_of_record
